<?xml version="1.0" encoding="UTF-8"?>
<!-- Generated by org.testng.reporters.JUnitXMLReporter -->
<testsuite hostname="mohammads-MBP.home" ignored="0" name="Default test" tests="4" failures="0" timestamp="2020-05-09T13:35:38 EDT" time="93.615" errors="0">
  <testcase name="physicianInformationPageTest" time="9.507" classname="com.Amgen.qa.testcases.PhysicianInformationPageTest"/>
  <testcase name="physicianInformationPageTest" time="8.435" classname="com.Amgen.qa.testcases.PhysicianInformationPageTest"/>
  <testcase name="physicianInformationPageTest" time="9.006" classname="com.Amgen.qa.testcases.PhysicianInformationPageTest"/>
  <testcase name="physicianInformationPageTest" time="8.792" classname="com.Amgen.qa.testcases.PhysicianInformationPageTest"/>
</testsuite> <!-- Default test -->
