<?xml version="1.0" encoding="UTF-8"?>
<!-- Generated by org.testng.reporters.JUnitXMLReporter -->
<testsuite hostname="mohammads-MBP.home" ignored="0" name="Amgen Application Test Cases" tests="12" failures="0" timestamp="2020-05-01T00:27:02 EDT" time="171.588" errors="0">
  <testcase name="verifyStandalonePageTitle" time="0.014" classname="com.Amgen.qa.testcases.StandAlonePageTest"/>
  <testcase name="clickOnGetStartedLinkTest" time="3.503" classname="com.Amgen.qa.testcases.StandAlonePageTest"/>
  <testcase name="clickOnRadioBtnQ1Test" time="0.448" classname="com.Amgen.qa.testcases.EligibilityPageTerst"/>
  <testcase name="clickContinuePge2BtnTest" time="5.52" classname="com.Amgen.qa.testcases.CardInformationPageTest"/>
  <testcase name="physicianInformationPageTest" time="26.658" classname="com.Amgen.qa.testcases.PatientInformationPageTest"/>
  <testcase name="physicianInformationPageTest" time="5.499" classname="com.Amgen.qa.testcases.PatientInformationPageTest"/>
  <testcase name="physicianInformationPageTest" time="5.347" classname="com.Amgen.qa.testcases.PatientInformationPageTest"/>
  <testcase name="physicianInformationPageTest" time="5.359" classname="com.Amgen.qa.testcases.PatientInformationPageTest"/>
  <testcase name="physicianInformationPageTest" time="6.766" classname="com.Amgen.qa.testcases.PhysicianInformationPageTest"/>
  <testcase name="physicianInformationPageTest" time="6.775" classname="com.Amgen.qa.testcases.PhysicianInformationPageTest"/>
  <testcase name="physicianInformationPageTest" time="6.741" classname="com.Amgen.qa.testcases.PhysicianInformationPageTest"/>
  <testcase name="physicianInformationPageTest" time="6.727" classname="com.Amgen.qa.testcases.PhysicianInformationPageTest"/>
</testsuite> <!-- Amgen Application Test Cases -->
